2018-01-03 16:02:20.061 %PARSER_ERROR[user] [restartedMain] ERROR
				o.s.boot.SpringApplication
				-Application startup failed
java.lang.IllegalStateException: java.lang.IllegalStateException: Logback configuration error detected: 
ERROR in ch.qos.logback.core.pattern.parser.Compiler@91161c7 - There is no conversion class registered for conversion word [user]
ERROR in ch.qos.logback.core.pattern.parser.Compiler@91161c7 - [user] is not a valid conversion word
ERROR in ch.qos.logback.core.pattern.parser.Compiler@604ed9f0 - There is no conversion class registered for conversion word [user]
ERROR in ch.qos.logback.core.pattern.parser.Compiler@604ed9f0 - [user] is not a valid conversion word
ERROR in ch.qos.logback.core.pattern.parser.Compiler@2d130c9b - There is no conversion class registered for conversion word [user]
ERROR in ch.qos.logback.core.pattern.parser.Compiler@2d130c9b - [user] is not a valid conversion word
ERROR in ch.qos.logback.core.pattern.parser.Compiler@44a2230e - There is no conversion class registered for conversion word [user]
ERROR in ch.qos.logback.core.pattern.parser.Compiler@44a2230e - [user] is not a valid conversion word
	at org.springframework.boot.logging.LoggingApplicationListener.initializeSystem(LoggingApplicationListener.java:315)
	at org.springframework.boot.logging.LoggingApplicationListener.initialize(LoggingApplicationListener.java:276)
	at org.springframework.boot.logging.LoggingApplicationListener.onApplicationEnvironmentPreparedEvent(LoggingApplicationListener.java:239)
	at org.springframework.boot.logging.LoggingApplicationListener.onApplicationEvent(LoggingApplicationListener.java:212)
	at org.springframework.context.event.SimpleApplicationEventMulticaster.doInvokeListener(SimpleApplicationEventMulticaster.java:172)
	at org.springframework.context.event.SimpleApplicationEventMulticaster.invokeListener(SimpleApplicationEventMulticaster.java:165)
	at org.springframework.context.event.SimpleApplicationEventMulticaster.multicastEvent(SimpleApplicationEventMulticaster.java:139)
	at org.springframework.context.event.SimpleApplicationEventMulticaster.multicastEvent(SimpleApplicationEventMulticaster.java:122)
	at org.springframework.boot.context.event.EventPublishingRunListener.environmentPrepared(EventPublishingRunListener.java:74)
	at org.springframework.boot.SpringApplicationRunListeners.environmentPrepared(SpringApplicationRunListeners.java:54)
	at org.springframework.boot.SpringApplication.prepareEnvironment(SpringApplication.java:325)
	at org.springframework.boot.SpringApplication.run(SpringApplication.java:296)
	at org.springframework.boot.SpringApplication.run(SpringApplication.java:1118)
	at org.springframework.boot.SpringApplication.run(SpringApplication.java:1107)
	at com.huoyun.idp.IdpApplication.main(IdpApplication.java:10)
	at sun.reflect.NativeMethodAccessorImpl.invoke0(Native Method)
	at sun.reflect.NativeMethodAccessorImpl.invoke(NativeMethodAccessorImpl.java:62)
	at sun.reflect.DelegatingMethodAccessorImpl.invoke(DelegatingMethodAccessorImpl.java:43)
	at java.lang.reflect.Method.invoke(Method.java:498)
	at org.springframework.boot.devtools.restart.RestartLauncher.run(RestartLauncher.java:49)
Caused by: java.lang.IllegalStateException: Logback configuration error detected: 
ERROR in ch.qos.logback.core.pattern.parser.Compiler@91161c7 - There is no conversion class registered for conversion word [user]
ERROR in ch.qos.logback.core.pattern.parser.Compiler@91161c7 - [user] is not a valid conversion word
ERROR in ch.qos.logback.core.pattern.parser.Compiler@604ed9f0 - There is no conversion class registered for conversion word [user]
ERROR in ch.qos.logback.core.pattern.parser.Compiler@604ed9f0 - [user] is not a valid conversion word
ERROR in ch.qos.logback.core.pattern.parser.Compiler@2d130c9b - There is no conversion class registered for conversion word [user]
ERROR in ch.qos.logback.core.pattern.parser.Compiler@2d130c9b - [user] is not a valid conversion word
ERROR in ch.qos.logback.core.pattern.parser.Compiler@44a2230e - There is no conversion class registered for conversion word [user]
ERROR in ch.qos.logback.core.pattern.parser.Compiler@44a2230e - [user] is not a valid conversion word
	at org.springframework.boot.logging.logback.LogbackLoggingSystem.loadConfiguration(LogbackLoggingSystem.java:162)
	at org.springframework.boot.logging.AbstractLoggingSystem.initializeWithSpecificConfig(AbstractLoggingSystem.java:66)
	at org.springframework.boot.logging.AbstractLoggingSystem.initialize(AbstractLoggingSystem.java:56)
	at org.springframework.boot.logging.logback.LogbackLoggingSystem.initialize(LogbackLoggingSystem.java:115)
	at org.springframework.boot.logging.LoggingApplicationListener.initializeSystem(LoggingApplicationListener.java:308)
	... 19 common frames omitted
2018-01-03 16:12:00.700 %PARSER_ERROR[user] [restartedMain] ERROR
				o.s.boot.SpringApplication
				-Application startup failed
java.lang.IllegalStateException: java.lang.IllegalStateException: Logback configuration error detected: 
ERROR in ch.qos.logback.core.pattern.parser.Compiler@6a41eaa2 - There is no conversion class registered for conversion word [user]
ERROR in ch.qos.logback.core.pattern.parser.Compiler@6a41eaa2 - [user] is not a valid conversion word
ERROR in ch.qos.logback.core.pattern.parser.Compiler@7cd62f43 - There is no conversion class registered for conversion word [user]
ERROR in ch.qos.logback.core.pattern.parser.Compiler@7cd62f43 - [user] is not a valid conversion word
ERROR in ch.qos.logback.core.pattern.parser.Compiler@7711de03 - There is no conversion class registered for conversion word [user]
ERROR in ch.qos.logback.core.pattern.parser.Compiler@7711de03 - [user] is not a valid conversion word
ERROR in ch.qos.logback.core.pattern.parser.Compiler@47f4bba1 - There is no conversion class registered for conversion word [user]
ERROR in ch.qos.logback.core.pattern.parser.Compiler@47f4bba1 - [user] is not a valid conversion word
	at org.springframework.boot.logging.LoggingApplicationListener.initializeSystem(LoggingApplicationListener.java:315)
	at org.springframework.boot.logging.LoggingApplicationListener.initialize(LoggingApplicationListener.java:276)
	at org.springframework.boot.logging.LoggingApplicationListener.onApplicationEnvironmentPreparedEvent(LoggingApplicationListener.java:239)
	at org.springframework.boot.logging.LoggingApplicationListener.onApplicationEvent(LoggingApplicationListener.java:212)
	at org.springframework.context.event.SimpleApplicationEventMulticaster.doInvokeListener(SimpleApplicationEventMulticaster.java:172)
	at org.springframework.context.event.SimpleApplicationEventMulticaster.invokeListener(SimpleApplicationEventMulticaster.java:165)
	at org.springframework.context.event.SimpleApplicationEventMulticaster.multicastEvent(SimpleApplicationEventMulticaster.java:139)
	at org.springframework.context.event.SimpleApplicationEventMulticaster.multicastEvent(SimpleApplicationEventMulticaster.java:122)
	at org.springframework.boot.context.event.EventPublishingRunListener.environmentPrepared(EventPublishingRunListener.java:74)
	at org.springframework.boot.SpringApplicationRunListeners.environmentPrepared(SpringApplicationRunListeners.java:54)
	at org.springframework.boot.SpringApplication.prepareEnvironment(SpringApplication.java:325)
	at org.springframework.boot.SpringApplication.run(SpringApplication.java:296)
	at org.springframework.boot.SpringApplication.run(SpringApplication.java:1118)
	at org.springframework.boot.SpringApplication.run(SpringApplication.java:1107)
	at com.huoyun.idp.IdpApplication.main(IdpApplication.java:10)
	at sun.reflect.NativeMethodAccessorImpl.invoke0(Native Method)
	at sun.reflect.NativeMethodAccessorImpl.invoke(NativeMethodAccessorImpl.java:62)
	at sun.reflect.DelegatingMethodAccessorImpl.invoke(DelegatingMethodAccessorImpl.java:43)
	at java.lang.reflect.Method.invoke(Method.java:498)
	at org.springframework.boot.devtools.restart.RestartLauncher.run(RestartLauncher.java:49)
Caused by: java.lang.IllegalStateException: Logback configuration error detected: 
ERROR in ch.qos.logback.core.pattern.parser.Compiler@6a41eaa2 - There is no conversion class registered for conversion word [user]
ERROR in ch.qos.logback.core.pattern.parser.Compiler@6a41eaa2 - [user] is not a valid conversion word
ERROR in ch.qos.logback.core.pattern.parser.Compiler@7cd62f43 - There is no conversion class registered for conversion word [user]
ERROR in ch.qos.logback.core.pattern.parser.Compiler@7cd62f43 - [user] is not a valid conversion word
ERROR in ch.qos.logback.core.pattern.parser.Compiler@7711de03 - There is no conversion class registered for conversion word [user]
ERROR in ch.qos.logback.core.pattern.parser.Compiler@7711de03 - [user] is not a valid conversion word
ERROR in ch.qos.logback.core.pattern.parser.Compiler@47f4bba1 - There is no conversion class registered for conversion word [user]
ERROR in ch.qos.logback.core.pattern.parser.Compiler@47f4bba1 - [user] is not a valid conversion word
	at org.springframework.boot.logging.logback.LogbackLoggingSystem.loadConfiguration(LogbackLoggingSystem.java:162)
	at org.springframework.boot.logging.AbstractLoggingSystem.initializeWithSpecificConfig(AbstractLoggingSystem.java:66)
	at org.springframework.boot.logging.AbstractLoggingSystem.initialize(AbstractLoggingSystem.java:56)
	at org.springframework.boot.logging.logback.LogbackLoggingSystem.initialize(LogbackLoggingSystem.java:115)
	at org.springframework.boot.logging.LoggingApplicationListener.initializeSystem(LoggingApplicationListener.java:308)
	... 19 common frames omitted
2018-01-03 16:21:24.173 %PARSER_ERROR[user] [restartedMain] ERROR
					o.s.boot.SpringApplication
					-Application startup failed
java.lang.IllegalStateException: java.lang.IllegalStateException: Logback configuration error detected: 
ERROR in ch.qos.logback.core.pattern.parser.Compiler@6a41eaa2 - There is no conversion class registered for conversion word [user]
ERROR in ch.qos.logback.core.pattern.parser.Compiler@6a41eaa2 - [user] is not a valid conversion word
ERROR in ch.qos.logback.core.pattern.parser.Compiler@7cd62f43 - There is no conversion class registered for conversion word [user]
ERROR in ch.qos.logback.core.pattern.parser.Compiler@7cd62f43 - [user] is not a valid conversion word
ERROR in ch.qos.logback.core.pattern.parser.Compiler@96a573e - There is no conversion class registered for conversion word [user]
ERROR in ch.qos.logback.core.pattern.parser.Compiler@96a573e - [user] is not a valid conversion word
ERROR in ch.qos.logback.core.pattern.parser.Compiler@d37a942 - There is no conversion class registered for conversion word [user]
ERROR in ch.qos.logback.core.pattern.parser.Compiler@d37a942 - [user] is not a valid conversion word
	at org.springframework.boot.logging.LoggingApplicationListener.initializeSystem(LoggingApplicationListener.java:315)
	at org.springframework.boot.logging.LoggingApplicationListener.initialize(LoggingApplicationListener.java:276)
	at org.springframework.boot.logging.LoggingApplicationListener.onApplicationEnvironmentPreparedEvent(LoggingApplicationListener.java:239)
	at org.springframework.boot.logging.LoggingApplicationListener.onApplicationEvent(LoggingApplicationListener.java:212)
	at org.springframework.context.event.SimpleApplicationEventMulticaster.doInvokeListener(SimpleApplicationEventMulticaster.java:172)
	at org.springframework.context.event.SimpleApplicationEventMulticaster.invokeListener(SimpleApplicationEventMulticaster.java:165)
	at org.springframework.context.event.SimpleApplicationEventMulticaster.multicastEvent(SimpleApplicationEventMulticaster.java:139)
	at org.springframework.context.event.SimpleApplicationEventMulticaster.multicastEvent(SimpleApplicationEventMulticaster.java:122)
	at org.springframework.boot.context.event.EventPublishingRunListener.environmentPrepared(EventPublishingRunListener.java:74)
	at org.springframework.boot.SpringApplicationRunListeners.environmentPrepared(SpringApplicationRunListeners.java:54)
	at org.springframework.boot.SpringApplication.prepareEnvironment(SpringApplication.java:325)
	at org.springframework.boot.SpringApplication.run(SpringApplication.java:296)
	at org.springframework.boot.SpringApplication.run(SpringApplication.java:1118)
	at org.springframework.boot.SpringApplication.run(SpringApplication.java:1107)
	at com.huoyun.idp.IdpApplication.main(IdpApplication.java:10)
	at sun.reflect.NativeMethodAccessorImpl.invoke0(Native Method)
	at sun.reflect.NativeMethodAccessorImpl.invoke(NativeMethodAccessorImpl.java:62)
	at sun.reflect.DelegatingMethodAccessorImpl.invoke(DelegatingMethodAccessorImpl.java:43)
	at java.lang.reflect.Method.invoke(Method.java:498)
	at org.springframework.boot.devtools.restart.RestartLauncher.run(RestartLauncher.java:49)
Caused by: java.lang.IllegalStateException: Logback configuration error detected: 
ERROR in ch.qos.logback.core.pattern.parser.Compiler@6a41eaa2 - There is no conversion class registered for conversion word [user]
ERROR in ch.qos.logback.core.pattern.parser.Compiler@6a41eaa2 - [user] is not a valid conversion word
ERROR in ch.qos.logback.core.pattern.parser.Compiler@7cd62f43 - There is no conversion class registered for conversion word [user]
ERROR in ch.qos.logback.core.pattern.parser.Compiler@7cd62f43 - [user] is not a valid conversion word
ERROR in ch.qos.logback.core.pattern.parser.Compiler@96a573e - There is no conversion class registered for conversion word [user]
ERROR in ch.qos.logback.core.pattern.parser.Compiler@96a573e - [user] is not a valid conversion word
ERROR in ch.qos.logback.core.pattern.parser.Compiler@d37a942 - There is no conversion class registered for conversion word [user]
ERROR in ch.qos.logback.core.pattern.parser.Compiler@d37a942 - [user] is not a valid conversion word
	at org.springframework.boot.logging.logback.LogbackLoggingSystem.loadConfiguration(LogbackLoggingSystem.java:162)
	at org.springframework.boot.logging.AbstractLoggingSystem.initializeWithSpecificConfig(AbstractLoggingSystem.java:66)
	at org.springframework.boot.logging.AbstractLoggingSystem.initialize(AbstractLoggingSystem.java:56)
	at org.springframework.boot.logging.logback.LogbackLoggingSystem.initialize(LogbackLoggingSystem.java:115)
	at org.springframework.boot.logging.LoggingApplicationListener.initializeSystem(LoggingApplicationListener.java:308)
	... 19 common frames omitted
